0 info it worked if it ends with ok
1 verbose cli [ '/home/patrick/dev/office-ware/local-node/bin/node',
1 verbose cli   '/home/patrick/dev/office-ware/local-node/bin/npm',
1 verbose cli   'install' ]
2 info using npm@3.10.3
3 info using node@v6.5.0
4 silly loadCurrentTree Starting
5 silly install loadCurrentTree
6 silly install readLocalPackageData
7 silly install normalizeTree
8 silly loadCurrentTree Finishing
9 silly loadIdealTree Starting
10 silly install loadIdealTree
11 silly cloneCurrentTree Starting
12 silly install cloneCurrentTreeToIdealTree
13 silly cloneCurrentTree Finishing
14 silly loadShrinkwrap Starting
15 silly install loadShrinkwrap
16 silly loadShrinkwrap Finishing
17 silly loadAllDepsIntoIdealTree Starting
18 silly install loadAllDepsIntoIdealTree
19 silly fetchNamedPackageData fsevents
20 silly mapToRegistry name fsevents
21 silly mapToRegistry using default registry
22 silly mapToRegistry registry https://registry.npmjs.org/
23 silly mapToRegistry data Result {
23 silly mapToRegistry   raw: 'fsevents',
23 silly mapToRegistry   scope: null,
23 silly mapToRegistry   escapedName: 'fsevents',
23 silly mapToRegistry   name: 'fsevents',
23 silly mapToRegistry   rawSpec: '',
23 silly mapToRegistry   spec: 'latest',
23 silly mapToRegistry   type: 'tag' }
24 silly mapToRegistry uri https://registry.npmjs.org/fsevents
25 verbose request uri https://registry.npmjs.org/fsevents
26 verbose request no auth needed
27 info attempt registry request try #1 at 5:27:41 PM
28 verbose request id 1e7b5d6c4de34483
29 verbose etag "A234G4D80YWPFVQ48CZDVPH48"
30 http request GET https://registry.npmjs.org/fsevents
31 http 304 https://registry.npmjs.org/fsevents
32 verbose headers { date: 'Thu, 10 Nov 2016 17:27:41 GMT',
32 verbose headers   via: '1.1 varnish',
32 verbose headers   'cache-control': 'max-age=300',
32 verbose headers   etag: '"A234G4D80YWPFVQ48CZDVPH48"',
32 verbose headers   age: '80',
32 verbose headers   connection: 'keep-alive',
32 verbose headers   'x-served-by': 'cache-ams4123-AMS',
32 verbose headers   'x-cache': 'HIT',
32 verbose headers   'x-cache-hits': '7',
32 verbose headers   'x-timer': 'S1478798861.535564,VS0,VE0',
32 verbose headers   vary: 'Accept-Encoding' }
33 silly get cb [ 304,
33 silly get   { date: 'Thu, 10 Nov 2016 17:27:41 GMT',
33 silly get     via: '1.1 varnish',
33 silly get     'cache-control': 'max-age=300',
33 silly get     etag: '"A234G4D80YWPFVQ48CZDVPH48"',
33 silly get     age: '80',
33 silly get     connection: 'keep-alive',
33 silly get     'x-served-by': 'cache-ams4123-AMS',
33 silly get     'x-cache': 'HIT',
33 silly get     'x-cache-hits': '7',
33 silly get     'x-timer': 'S1478798861.535564,VS0,VE0',
33 silly get     vary: 'Accept-Encoding' } ]
34 verbose etag https://registry.npmjs.org/fsevents from cache
35 verbose get saving fsevents to /home/patrick/.npm/registry.npmjs.org/fsevents/.cache.json
36 verbose correctMkdir /home/patrick/.npm correctMkdir not in flight; initializing
37 silly resolveWithNewModule fsevents@1.0.15 checking installable status
38 silly loadAllDepsIntoIdealTree Finishing
39 silly loadIdealTree Finishing
40 silly currentTree your-app@0.0.1
40 silly currentTree ├── accepts@1.3.3
40 silly currentTree ├── acorn@3.3.0
40 silly currentTree ├─┬ agent-base@2.0.1
40 silly currentTree │ └── semver@5.0.3
40 silly currentTree ├── align-text@0.1.4
40 silly currentTree ├── alter@0.2.0
40 silly currentTree ├── amdefine@1.0.1
40 silly currentTree ├── ansi-regex@2.0.0
40 silly currentTree ├── ansi-styles@2.2.1
40 silly currentTree ├── ansicolors@0.3.2
40 silly currentTree ├── anymatch@1.3.0
40 silly currentTree ├── anysort@1.0.1
40 silly currentTree ├── ap@0.2.0
40 silly currentTree ├── arr-diff@2.0.0
40 silly currentTree ├── arr-flatten@1.0.1
40 silly currentTree ├── array-differ@1.0.0
40 silly currentTree ├── array-find-index@1.0.2
40 silly currentTree ├── array-flatten@1.1.1
40 silly currentTree ├── array-uniq@1.0.3
40 silly currentTree ├── array-unique@0.2.1
40 silly currentTree ├── arrify@1.0.1
40 silly currentTree ├── asn1.js@4.9.0
40 silly currentTree ├── assert@1.3.0
40 silly currentTree ├── ast-traverse@0.1.1
40 silly currentTree ├── ast-types@0.9.2
40 silly currentTree ├── async-each@1.0.1
40 silly currentTree ├── async@1.5.2
40 silly currentTree ├── auto-reload-brunch@2.7.1
40 silly currentTree ├─┬ babel-brunch@6.0.6
40 silly currentTree │ └── babel-preset-es2015@6.18.0
40 silly currentTree ├── babel-code-frame@6.16.0
40 silly currentTree ├─┬ babel-core@6.18.2
40 silly currentTree │ └── source-map@0.5.6
40 silly currentTree ├─┬ babel-generator@6.18.0
40 silly currentTree │ └── source-map@0.5.6
40 silly currentTree ├── babel-helper-builder-binary-assignment-operator-visitor@6.18.0
40 silly currentTree ├── babel-helper-call-delegate@6.18.0
40 silly currentTree ├── babel-helper-define-map@6.18.0
40 silly currentTree ├── babel-helper-explode-assignable-expression@6.18.0
40 silly currentTree ├── babel-helper-flip-expressions@0.0.1
40 silly currentTree ├── babel-helper-function-name@6.18.0
40 silly currentTree ├── babel-helper-get-function-arity@6.18.0
40 silly currentTree ├── babel-helper-hoist-variables@6.18.0
40 silly currentTree ├── babel-helper-is-nodes-equiv@0.0.1
40 silly currentTree ├── babel-helper-is-void-0@0.0.1
40 silly currentTree ├── babel-helper-optimise-call-expression@6.18.0
40 silly currentTree ├── babel-helper-regex@6.18.0
40 silly currentTree ├── babel-helper-remove-or-void@0.0.1
40 silly currentTree ├── babel-helper-replace-supers@6.18.0
40 silly currentTree ├── babel-helper-to-multiple-sequence-expressions@0.0.2
40 silly currentTree ├── babel-helpers@6.16.0
40 silly currentTree ├── babel-messages@6.8.0
40 silly currentTree ├── babel-plugin-check-es2015-constants@6.8.0
40 silly currentTree ├── babel-plugin-minify-constant-folding@0.0.1
40 silly currentTree ├── babel-plugin-minify-dead-code-elimination@0.1.0
40 silly currentTree ├── babel-plugin-minify-flip-comparisons@0.0.1
40 silly currentTree ├── babel-plugin-minify-guarded-expressions@0.0.3
40 silly currentTree ├── babel-plugin-minify-infinity@0.0.1
40 silly currentTree ├── babel-plugin-minify-mangle-names@0.0.4
40 silly currentTree ├── babel-plugin-minify-numeric-literals@0.0.1
40 silly currentTree ├── babel-plugin-minify-replace@0.0.1
40 silly currentTree ├── babel-plugin-minify-simplify@0.0.4
40 silly currentTree ├── babel-plugin-minify-type-constructors@0.0.2
40 silly currentTree ├── babel-plugin-syntax-exponentiation-operator@6.13.0
40 silly currentTree ├── babel-plugin-transform-es2015-arrow-functions@6.8.0
40 silly currentTree ├── babel-plugin-transform-es2015-block-scoped-functions@6.8.0
40 silly currentTree ├── babel-plugin-transform-es2015-block-scoping@6.18.0
40 silly currentTree ├── babel-plugin-transform-es2015-classes@6.18.0
40 silly currentTree ├── babel-plugin-transform-es2015-computed-properties@6.8.0
40 silly currentTree ├── babel-plugin-transform-es2015-destructuring@6.18.0
40 silly currentTree ├── babel-plugin-transform-es2015-duplicate-keys@6.8.0
40 silly currentTree ├── babel-plugin-transform-es2015-for-of@6.18.0
40 silly currentTree ├── babel-plugin-transform-es2015-function-name@6.9.0
40 silly currentTree ├── babel-plugin-transform-es2015-literals@6.8.0
40 silly currentTree ├── babel-plugin-transform-es2015-modules-amd@6.18.0
40 silly currentTree ├── babel-plugin-transform-es2015-modules-commonjs@6.18.0
40 silly currentTree ├── babel-plugin-transform-es2015-modules-systemjs@6.18.0
40 silly currentTree ├── babel-plugin-transform-es2015-modules-umd@6.18.0
40 silly currentTree ├── babel-plugin-transform-es2015-object-super@6.8.0
40 silly currentTree ├── babel-plugin-transform-es2015-parameters@6.18.0
40 silly currentTree ├── babel-plugin-transform-es2015-shorthand-properties@6.18.0
40 silly currentTree ├── babel-plugin-transform-es2015-spread@6.8.0
40 silly currentTree ├── babel-plugin-transform-es2015-sticky-regex@6.8.0
40 silly currentTree ├── babel-plugin-transform-es2015-template-literals@6.8.0
40 silly currentTree ├── babel-plugin-transform-es2015-typeof-symbol@6.18.0
40 silly currentTree ├── babel-plugin-transform-es2015-unicode-regex@6.11.0
40 silly currentTree ├── babel-plugin-transform-exponentiation-operator@6.8.0
40 silly currentTree ├── babel-plugin-transform-member-expression-literals@6.8.0
40 silly currentTree ├── babel-plugin-transform-merge-sibling-variables@6.8.0
40 silly currentTree ├── babel-plugin-transform-minify-booleans@6.8.0
40 silly currentTree ├── babel-plugin-transform-property-literals@6.8.0
40 silly currentTree ├── babel-plugin-transform-regenerator@6.16.1
40 silly currentTree ├── babel-plugin-transform-regexp-constructors@0.0.1
40 silly currentTree ├── babel-plugin-transform-simplify-comparison-operators@6.8.0
40 silly currentTree ├── babel-plugin-transform-strict-mode@6.18.0
40 silly currentTree ├── babel-plugin-transform-undefined-to-void@6.8.0
40 silly currentTree ├── babel-preset-babili@0.0.8
40 silly currentTree ├── babel-preset-es2015@6.3.13
40 silly currentTree ├── babel-preset-es2016@6.16.0
40 silly currentTree ├── babel-register@6.18.0
40 silly currentTree ├── babel-runtime@6.18.0
40 silly currentTree ├── babel-template@6.16.0
40 silly currentTree ├── babel-traverse@6.18.0
40 silly currentTree ├── babel-types@6.18.0
40 silly currentTree ├── babylon@6.13.1
40 silly currentTree ├── balanced-match@0.4.2
40 silly currentTree ├── base64-js@1.2.0
40 silly currentTree ├── beeper@1.1.0
40 silly currentTree ├── bignumber.js@2.4.0
40 silly currentTree ├── binary-extensions@1.7.0
40 silly currentTree ├── bluebird@3.4.6
40 silly currentTree ├── bn.js@4.11.6
40 silly currentTree ├── bower-config@1.4.0
40 silly currentTree ├── brace-expansion@1.1.6
40 silly currentTree ├── braces@1.8.5
40 silly currentTree ├── breakable@1.0.0
40 silly currentTree ├── brorand@1.0.6
40 silly currentTree ├── browser-resolve@1.11.2
40 silly currentTree ├── browserify-aes@1.0.6
40 silly currentTree ├── browserify-cipher@1.0.0
40 silly currentTree ├── browserify-des@1.0.0
40 silly currentTree ├── browserify-rsa@4.0.1
40 silly currentTree ├── browserify-sign@4.0.0
40 silly currentTree ├── brunch-skeletons@0.1.4
40 silly currentTree ├─┬ brunch@2.9.1
40 silly currentTree │ ├── commander@2.9.0
40 silly currentTree │ └── source-map@0.5.6
40 silly currentTree ├── buffer-shims@1.0.0
40 silly currentTree ├── buffer-writer@1.0.1
40 silly currentTree ├── buffer-xor@1.0.3
40 silly currentTree ├─┬ buffer@4.3.1
40 silly currentTree │ └── isarray@1.0.0
40 silly currentTree ├── builtin-modules@1.1.1
40 silly currentTree ├── builtin-status-codes@2.0.0
40 silly currentTree ├─┬ camelcase-keys@2.1.0
40 silly currentTree │ └── camelcase@2.1.1
40 silly currentTree ├── camelcase@1.2.1
40 silly currentTree ├── center-align@0.1.3
40 silly currentTree ├── chalk@1.1.3
40 silly currentTree ├─┬ check-dependencies@1.0.1
40 silly currentTree │ └── minimist@1.2.0
40 silly currentTree ├── chokidar@1.6.1
40 silly currentTree ├── cipher-base@1.0.3
40 silly currentTree ├── clap@1.1.1
40 silly currentTree ├── clean-css-brunch@2.0.0
40 silly currentTree ├── clean-css@3.4.20
40 silly currentTree ├─┬ cliui@2.1.0
40 silly currentTree │ └── wordwrap@0.0.2
40 silly currentTree ├── clone-stats@0.0.1
40 silly currentTree ├── clone@1.0.2
40 silly currentTree ├── co@3.0.6
40 silly currentTree ├── coffee-script@1.11.1
40 silly currentTree ├── combined-stream@1.0.5
40 silly currentTree ├── commander@2.8.1
40 silly currentTree ├─┬ commoner@0.10.4
40 silly currentTree │ └── glob@5.0.15
40 silly currentTree ├── commonjs-require-definition@0.5.0
40 silly currentTree ├── component-emitter@1.2.1
40 silly currentTree ├── concat-map@0.0.1
40 silly currentTree ├── connect-slashes@1.3.1
40 silly currentTree ├── content-disposition@0.5.1
40 silly currentTree ├── content-type@1.0.2
40 silly currentTree ├── convert-source-map@1.3.0
40 silly currentTree ├── cookie-parser@1.4.3
40 silly currentTree ├── cookie-signature@1.0.6
40 silly currentTree ├── cookie@0.3.1
40 silly currentTree ├── cookiejar@2.1.0
40 silly currentTree ├── core-js@2.4.1
40 silly currentTree ├── core-util-is@1.0.2
40 silly currentTree ├── create-ecdh@4.0.0
40 silly currentTree ├── create-hash@1.1.2
40 silly currentTree ├── create-hmac@1.1.4
40 silly currentTree ├── cross-env@3.1.3
40 silly currentTree ├── cross-spawn@3.0.1
40 silly currentTree ├── crypto-browserify@3.11.0
40 silly currentTree ├── css-brunch@2.6.1
40 silly currentTree ├─┬ css-modules-loader-core@1.0.1
40 silly currentTree │ ├── postcss@5.1.2
40 silly currentTree │ ├── source-map@0.5.6
40 silly currentTree │ └── supports-color@3.1.2
40 silly currentTree ├─┬ css-selector-tokenizer@0.6.0
40 silly currentTree │ └── regexpu-core@1.0.0
40 silly currentTree ├── cssesc@0.1.0
40 silly currentTree ├─┬ csso@2.3.0
40 silly currentTree │ └── source-map@0.5.6
40 silly currentTree ├── currently-unhandled@0.4.1
40 silly currentTree ├── data-uri-to-buffer@0.0.4
40 silly currentTree ├── dateformat@1.0.12
40 silly currentTree ├── debug@2.2.0
40 silly currentTree ├── decamelize@1.2.0
40 silly currentTree ├── deep-assign@2.0.0
40 silly currentTree ├── deep-is@0.1.3
40 silly currentTree ├── defined@1.0.0
40 silly currentTree ├─┬ defs@1.1.1
40 silly currentTree │ ├── esprima-fb@15001.1001.0-dev-harmony-fb
40 silly currentTree │ ├── window-size@0.1.4
40 silly currentTree │ └── yargs@3.27.0
40 silly currentTree ├── degenerator@1.0.3
40 silly currentTree ├── delayed-stream@1.0.0
40 silly currentTree ├── depd@1.1.0
40 silly currentTree ├── deppack@0.6.4
40 silly currentTree ├── des.js@1.0.0
40 silly currentTree ├── destroy@1.0.4
40 silly currentTree ├── detect-file@0.1.0
40 silly currentTree ├── detect-indent@4.0.0
40 silly currentTree ├── detective@4.3.2
40 silly currentTree ├── diffie-hellman@5.0.2
40 silly currentTree ├── domain-browser@1.1.7
40 silly currentTree ├── dottie@1.1.1
40 silly currentTree ├── duplexer2@0.0.2
40 silly currentTree ├── ee-first@1.1.1
40 silly currentTree ├── elliptic@6.3.2
40 silly currentTree ├── encodeurl@1.0.1
40 silly currentTree ├── error-ex@1.3.0
40 silly currentTree ├── escape-html@1.0.3
40 silly currentTree ├── escape-string-regexp@1.0.5
40 silly currentTree ├─┬ escodegen@1.8.1
40 silly currentTree │ └── source-map@0.2.0
40 silly currentTree ├── esprima@2.7.3
40 silly currentTree ├── estraverse@1.9.3
40 silly currentTree ├── esutils@2.0.2
40 silly currentTree ├── etag@1.7.0
40 silly currentTree ├── events@1.1.1
40 silly currentTree ├── evp_bytestokey@1.0.0
40 silly currentTree ├── expand-brackets@0.1.5
40 silly currentTree ├── expand-range@1.8.2
40 silly currentTree ├── expand-tilde@1.2.2
40 silly currentTree ├── express@4.14.0
40 silly currentTree ├── extend@3.0.0
40 silly currentTree ├── extglob@0.3.2
40 silly currentTree ├── fancy-log@1.2.0
40 silly currentTree ├── fast-levenshtein@1.1.4
40 silly currentTree ├── fastparse@1.1.1
40 silly currentTree ├── fcache@0.2.0
40 silly currentTree ├── file-uri-to-path@0.0.2
40 silly currentTree ├── filename-regex@2.0.0
40 silly currentTree ├── fill-range@2.2.3
40 silly currentTree ├── finalhandler@0.5.0
40 silly currentTree ├── find-up@1.1.2
40 silly currentTree ├── findup-sync@0.4.3
40 silly currentTree ├── for-in@0.1.6
40 silly currentTree ├── for-own@0.1.4
40 silly currentTree ├── form-data@1.0.0-rc4
40 silly currentTree ├── formidable@1.0.17
40 silly currentTree ├── forwarded@0.1.0
40 silly currentTree ├── fresh@0.3.0
40 silly currentTree ├── fs-exists-sync@0.1.0
40 silly currentTree ├── fs-extra@1.0.0
40 silly currentTree ├── fs.realpath@1.0.0
40 silly currentTree ├── ftp@0.3.10
40 silly currentTree ├── generic-pool@2.4.2
40 silly currentTree ├── get-stdin@4.0.1
40 silly currentTree ├─┬ get-uri@1.1.0
40 silly currentTree │ ├── isarray@1.0.0
40 silly currentTree │ └── readable-stream@2.1.5
40 silly currentTree ├── glob-base@0.3.0
40 silly currentTree ├── glob-parent@2.0.0
40 silly currentTree ├── glob@7.1.1
40 silly currentTree ├─┬ global-define@2.2.0
40 silly currentTree │ └── minimatch@2.0.10
40 silly currentTree ├── global-modules@0.2.3
40 silly currentTree ├── global-prefix@0.1.4
40 silly currentTree ├── globals@9.12.0
40 silly currentTree ├── glogg@1.0.0
40 silly currentTree ├── google-closure-compiler-js@20161024.0.0
40 silly currentTree ├── graceful-fs@4.1.10
40 silly currentTree ├── graceful-readlink@1.0.1
40 silly currentTree ├── growl@1.8.1
40 silly currentTree ├─┬ gulp-util@3.0.7
40 silly currentTree │ └── minimist@1.2.0
40 silly currentTree ├── gulplog@1.0.0
40 silly currentTree ├── handlebars-brunch@2.0.1
40 silly currentTree ├─┬ handlebars-precompiler@2.1.0
40 silly currentTree │ ├── async@0.2.10
40 silly currentTree │ ├─┬ handlebars@2.0.0
40 silly currentTree │ │ └── uglify-js@2.3.6
40 silly currentTree │ ├── optimist@0.3.7
40 silly currentTree │ └── source-map@0.1.43
40 silly currentTree ├── handlebars@4.0.5
40 silly currentTree ├── has-ansi@2.0.0
40 silly currentTree ├── has-flag@1.0.0
40 silly currentTree ├── has-gulplog@0.1.0
40 silly currentTree ├── hash.js@1.0.3
40 silly currentTree ├── home-or-tmp@2.0.0
40 silly currentTree ├── hosted-git-info@2.1.5
40 silly currentTree ├── http-errors@1.5.0
40 silly currentTree ├── http-proxy-agent@1.0.0
40 silly currentTree ├── https-browserify@0.0.1
40 silly currentTree ├── https-proxy-agent@1.0.0
40 silly currentTree ├── iconv-lite@0.4.13
40 silly currentTree ├── icss-replace-symbols@1.0.2
40 silly currentTree ├── ieee754@1.1.8
40 silly currentTree ├── indent-string@2.1.0
40 silly currentTree ├── indexof@0.0.1
40 silly currentTree ├── inflection@1.10.0
40 silly currentTree ├── inflight@1.0.6
40 silly currentTree ├── inherits@2.0.1
40 silly currentTree ├── ini@1.3.4
40 silly currentTree ├── init-skeleton@0.9.5
40 silly currentTree ├── invariant@2.2.1
40 silly currentTree ├── invert-kv@1.0.0
40 silly currentTree ├── ip@1.1.4
40 silly currentTree ├── ipaddr.js@1.1.1
40 silly currentTree ├── is-arrayish@0.2.1
40 silly currentTree ├── is-binary-path@1.0.1
40 silly currentTree ├── is-buffer@1.1.4
40 silly currentTree ├── is-builtin-module@1.0.0
40 silly currentTree ├── is-dotfile@1.0.2
40 silly currentTree ├── is-equal-shallow@0.1.3
40 silly currentTree ├── is-extendable@0.1.1
40 silly currentTree ├── is-extglob@1.0.0
40 silly currentTree ├── is-finite@1.0.2
40 silly currentTree ├── is-glob@2.0.1
40 silly currentTree ├── is-number@2.1.0
40 silly currentTree ├── is-obj@1.0.1
40 silly currentTree ├── is-posix-bracket@0.1.1
40 silly currentTree ├── is-primitive@2.0.0
40 silly currentTree ├── is-utf8@0.2.1
40 silly currentTree ├── is-windows@0.2.0
40 silly currentTree ├── isarray@0.0.1
40 silly currentTree ├── isexe@1.1.2
40 silly currentTree ├─┬ isobject@2.1.0
40 silly currentTree │ └── isarray@1.0.0
40 silly currentTree ├── javascript-brunch@2.0.0
40 silly currentTree ├── jquery-ui-dist@1.12.1
40 silly currentTree ├── jquery-ui@1.12.1
40 silly currentTree ├── jquery@3.1.1
40 silly currentTree ├── js-base64@2.1.9
40 silly currentTree ├── js-tokens@2.0.0
40 silly currentTree ├── jsesc@1.3.0
40 silly currentTree ├── json-bigint@0.2.1
40 silly currentTree ├── json5@0.5.0
40 silly currentTree ├── jsonfile@2.4.0
40 silly currentTree ├── kind-of@3.0.4
40 silly currentTree ├── klaw@1.3.1
40 silly currentTree ├── lazy-cache@1.0.4
40 silly currentTree ├── lcid@1.0.0
40 silly currentTree ├── levn@0.3.0
40 silly currentTree ├── load-json-file@1.1.0
40 silly currentTree ├── lodash._basecopy@3.0.1
40 silly currentTree ├── lodash._basetostring@3.0.1
40 silly currentTree ├── lodash._basevalues@3.0.0
40 silly currentTree ├── lodash._getnative@3.9.1
40 silly currentTree ├── lodash._isiterateecall@3.0.9
40 silly currentTree ├── lodash._reescape@3.0.0
40 silly currentTree ├── lodash._reevaluate@3.0.0
40 silly currentTree ├── lodash._reinterpolate@3.0.0
40 silly currentTree ├── lodash._root@3.0.1
40 silly currentTree ├── lodash.camelcase@4.3.0
40 silly currentTree ├── lodash.escape@3.2.0
40 silly currentTree ├── lodash.isarguments@3.1.0
40 silly currentTree ├── lodash.isarray@3.0.4
40 silly currentTree ├── lodash.keys@3.1.2
40 silly currentTree ├── lodash.restparam@3.6.1
40 silly currentTree ├── lodash.some@4.6.0
40 silly currentTree ├── lodash.template@3.6.2
40 silly currentTree ├── lodash.templatesettings@3.1.1
40 silly currentTree ├── lodash@4.16.6
40 silly currentTree ├── loggy@0.3.5
40 silly currentTree ├── longest@1.0.1
40 silly currentTree ├── loose-envify@1.3.0
40 silly currentTree ├── loud-rejection@1.6.0
40 silly currentTree ├── lru-cache@4.0.1
40 silly currentTree ├── map-obj@1.0.1
40 silly currentTree ├── media-typer@0.3.0
40 silly currentTree ├─┬ meow@3.7.0
40 silly currentTree │ ├── minimist@1.2.0
40 silly currentTree │ └── object-assign@4.1.0
40 silly currentTree ├── merge-descriptors@1.0.1
40 silly currentTree ├── methods@1.1.2
40 silly currentTree ├── micro-es7-shim@0.1.0
40 silly currentTree ├── micro-promisify@0.1.1
40 silly currentTree ├── micromatch@2.3.11
40 silly currentTree ├── miller-rabin@4.0.0
40 silly currentTree ├── mime-db@1.24.0
40 silly currentTree ├── mime-types@2.1.12
40 silly currentTree ├── mime@1.3.4
40 silly currentTree ├── minimalistic-assert@1.0.0
40 silly currentTree ├── minimatch@3.0.3
40 silly currentTree ├── minimist@0.0.10
40 silly currentTree ├─┬ mkdirp@0.5.1
40 silly currentTree │ └── minimist@0.0.8
40 silly currentTree ├── moment-timezone@0.5.7
40 silly currentTree ├── moment@2.15.2
40 silly currentTree ├── mout@1.0.0
40 silly currentTree ├── ms@0.7.1
40 silly currentTree ├── multipipe@0.1.2
40 silly currentTree ├── ncp@2.0.0
40 silly currentTree ├── negotiator@0.6.1
40 silly currentTree ├── netmask@1.0.6
40 silly currentTree ├─┬ node-browser-modules@0.1.0
40 silly currentTree │ ├── isarray@1.0.0
40 silly currentTree │ └── readable-stream@2.0.6
40 silly currentTree ├─┬ node-mailjet@3.0.6
40 silly currentTree │ └── qs@4.0.0
40 silly currentTree ├── node-minify@2.0.0
40 silly currentTree ├── node-serialize@0.0.4
40 silly currentTree ├── node-uuid@1.4.7
40 silly currentTree ├── node-version@1.0.0
40 silly currentTree ├── normalize-git-url@3.0.2
40 silly currentTree ├── normalize-package-data@2.3.5
40 silly currentTree ├── normalize-path@2.0.1
40 silly currentTree ├── number-is-nan@1.0.1
40 silly currentTree ├── object-assign@3.0.0
40 silly currentTree ├── object.omit@2.0.1
40 silly currentTree ├── on-finished@2.3.0
40 silly currentTree ├── once@1.4.0
40 silly currentTree ├── optimist@0.6.1
40 silly currentTree ├─┬ optionator@0.8.2
40 silly currentTree │ ├── fast-levenshtein@2.0.5
40 silly currentTree │ └── wordwrap@1.0.0
40 silly currentTree ├── options@0.0.6
40 silly currentTree ├── os-browserify@0.2.1
40 silly currentTree ├── os-homedir@1.0.2
40 silly currentTree ├── os-locale@1.4.0
40 silly currentTree ├── os-tmpdir@1.0.2
40 silly currentTree ├── osenv@0.1.3
40 silly currentTree ├── pac-proxy-agent@1.0.0
40 silly currentTree ├── pac-resolver@1.2.6
40 silly currentTree ├── packet-reader@0.2.0
40 silly currentTree ├── parse-asn1@5.0.0
40 silly currentTree ├── parse-glob@3.0.4
40 silly currentTree ├── parse-json@2.2.0
40 silly currentTree ├── parseurl@1.3.1
40 silly currentTree ├── path-browserify@0.0.0
40 silly currentTree ├── path-exists@2.1.0
40 silly currentTree ├── path-is-absolute@1.0.1
40 silly currentTree ├── path-to-regexp@0.1.7
40 silly currentTree ├── path-type@1.1.0
40 silly currentTree ├── pbkdf2@3.0.9
40 silly currentTree ├── pg-connection-string@0.1.3
40 silly currentTree ├─┬ pg-pool@1.5.0
40 silly currentTree │ └── object-assign@4.1.0
40 silly currentTree ├── pg-types@1.11.0
40 silly currentTree ├─┬ pg@6.1.0
40 silly currentTree │ └── semver@4.3.2
40 silly currentTree ├── pgpass@1.0.1
40 silly currentTree ├── pify@2.3.0
40 silly currentTree ├── pinkie-promise@2.0.1
40 silly currentTree ├── pinkie@2.0.4
40 silly currentTree ├── postcss-modules-extract-imports@1.0.0
40 silly currentTree ├── postcss-modules-local-by-default@1.1.1
40 silly currentTree ├── postcss-modules-scope@1.0.2
40 silly currentTree ├── postcss-modules-values@1.2.2
40 silly currentTree ├── postcss-modules@0.4.1
40 silly currentTree ├─┬ postcss@5.0.21
40 silly currentTree │ ├── source-map@0.5.6
40 silly currentTree │ └── supports-color@3.1.2
40 silly currentTree ├── postgres-array@1.0.0
40 silly currentTree ├── postgres-bytea@1.0.0
40 silly currentTree ├── postgres-date@1.0.3
40 silly currentTree ├── postgres-interval@1.0.2
40 silly currentTree ├── prelude-ls@1.1.2
40 silly currentTree ├── preserve@0.2.0
40 silly currentTree ├── private@0.1.6
40 silly currentTree ├── process-nextick-args@1.0.7
40 silly currentTree ├── process@0.11.9
40 silly currentTree ├── proxy-addr@1.1.2
40 silly currentTree ├─┬ proxy-agent@2.0.0
40 silly currentTree │ └── lru-cache@2.6.5
40 silly currentTree ├── pseudomap@1.0.2
40 silly currentTree ├── public-encrypt@4.0.0
40 silly currentTree ├── punycode@1.4.1
40 silly currentTree ├── pushserve@1.0.2
40 silly currentTree ├── q@1.4.1
40 silly currentTree ├── qs@6.2.0
40 silly currentTree ├── querystring-es3@0.2.1
40 silly currentTree ├── querystring@0.2.0
40 silly currentTree ├── quickly-copy-file@1.0.0
40 silly currentTree ├── randomatic@1.1.5
40 silly currentTree ├── randombytes@2.0.3
40 silly currentTree ├─┬ randomstring@1.1.5
40 silly currentTree │ └── array-uniq@1.0.2
40 silly currentTree ├── range-parser@1.2.0
40 silly currentTree ├── read-components@0.7.0
40 silly currentTree ├── read-pkg-up@1.0.1
40 silly currentTree ├── read-pkg@1.1.0
40 silly currentTree ├── readable-stream@1.1.14
40 silly currentTree ├─┬ readdirp@2.1.0
40 silly currentTree │ ├── isarray@1.0.0
40 silly currentTree │ └── readable-stream@2.1.5
40 silly currentTree ├─┬ recast@0.10.33
40 silly currentTree │ ├── ast-types@0.8.12
40 silly currentTree │ ├── esprima-fb@15001.1001.0-dev-harmony-fb
40 silly currentTree │ └── source-map@0.5.6
40 silly currentTree ├── redent@1.0.0
40 silly currentTree ├── regenerate@1.3.1
40 silly currentTree ├── regenerator-runtime@0.9.5
40 silly currentTree ├─┬ regenerator@0.8.46
40 silly currentTree │ └── esprima-fb@15001.1001.0-dev-harmony-fb
40 silly currentTree ├── regex-cache@0.4.3
40 silly currentTree ├── regexpu-core@2.0.0
40 silly currentTree ├── regjsgen@0.2.0
40 silly currentTree ├─┬ regjsparser@0.1.5
40 silly currentTree │ └── jsesc@0.5.0
40 silly currentTree ├── repeat-element@1.1.2
40 silly currentTree ├── repeat-string@1.6.1
40 silly currentTree ├── repeating@2.0.1
40 silly currentTree ├── replace-ext@0.0.1
40 silly currentTree ├── resolve-dir@0.1.1
40 silly currentTree ├── resolve@1.1.7
40 silly currentTree ├── retry-as-promised@2.2.0
40 silly currentTree ├── right-align@0.1.3
40 silly currentTree ├── ripemd160@1.0.1
40 silly currentTree ├── semver@5.3.0
40 silly currentTree ├── send@0.14.1
40 silly currentTree ├─┬ sequelize@3.24.8
40 silly currentTree │ └── lodash@4.12.0
40 silly currentTree ├── serve-brunch@0.1.2
40 silly currentTree ├── serve-static@1.11.1
40 silly currentTree ├── set-immediate-shim@1.0.1
40 silly currentTree ├── setprototypeof@1.0.1
40 silly currentTree ├── sha.js@2.4.5
40 silly currentTree ├── shimmer@1.1.0
40 silly currentTree ├── signal-exit@3.0.1
40 silly currentTree ├── simple-fmt@0.1.0
40 silly currentTree ├── simple-is@0.2.0
40 silly currentTree ├── since-app-start@0.3.2
40 silly currentTree ├── skemata@0.1.2
40 silly currentTree ├── slash@1.0.0
40 silly currentTree ├── smart-buffer@1.0.11
40 silly currentTree ├── socks-proxy-agent@2.0.0
40 silly currentTree ├── socks@1.1.9
40 silly currentTree ├── source-list-map@0.1.6
40 silly currentTree ├─┬ source-map-support@0.4.6
40 silly currentTree │ └── source-map@0.5.6
40 silly currentTree ├── source-map@0.4.4
40 silly currentTree ├── sparkles@1.0.0
40 silly currentTree ├── spdx-correct@1.0.2
40 silly currentTree ├── spdx-expression-parse@1.0.4
40 silly currentTree ├── spdx-license-ids@1.2.2
40 silly currentTree ├── split@1.0.0
40 silly currentTree ├── sqwish@0.2.2
40 silly currentTree ├── stable@0.1.5
40 silly currentTree ├── statuses@1.3.0
40 silly currentTree ├─┬ stream-browserify@2.0.1
40 silly currentTree │ ├── isarray@1.0.0
40 silly currentTree │ └── readable-stream@2.1.5
40 silly currentTree ├── stream-http@2.1.1
40 silly currentTree ├── stream-to-buffer@0.1.0
40 silly currentTree ├── stream-to@0.2.2
40 silly currentTree ├── string_decoder@0.10.31
40 silly currentTree ├── string-hash@1.1.0
40 silly currentTree ├── stringmap@0.2.2
40 silly currentTree ├── stringset@0.2.1
40 silly currentTree ├── strip-ansi@3.0.1
40 silly currentTree ├── strip-bom@2.0.0
40 silly currentTree ├── strip-indent@1.0.1
40 silly currentTree ├── superagent-proxy@1.0.1
40 silly currentTree ├─┬ superagent@2.3.0
40 silly currentTree │ ├── isarray@1.0.0
40 silly currentTree │ └── readable-stream@2.1.5
40 silly currentTree ├── supports-color@2.0.0
40 silly currentTree ├── terraformer-wkt-parser@1.1.2
40 silly currentTree ├── terraformer@1.0.7
40 silly currentTree ├── through@2.3.8
40 silly currentTree ├─┬ through2@2.0.1
40 silly currentTree │ ├── isarray@1.0.0
40 silly currentTree │ └── readable-stream@2.0.6
40 silly currentTree ├── thunkify@2.1.2
40 silly currentTree ├── time-stamp@1.0.1
40 silly currentTree ├── timers-browserify@1.4.2
40 silly currentTree ├── to-arraybuffer@1.0.1
40 silly currentTree ├── to-fast-properties@1.0.2
40 silly currentTree ├── toposort-class@1.0.1
40 silly currentTree ├── trim-newlines@1.0.0
40 silly currentTree ├─┬ true-case-path@1.0.2
40 silly currentTree │ └── glob@6.0.4
40 silly currentTree ├── tryor@0.1.2
40 silly currentTree ├── tty-browserify@0.0.0
40 silly currentTree ├── type-check@0.3.2
40 silly currentTree ├── type-is@1.6.13
40 silly currentTree ├─┬ uglify-js-brunch@2.0.1
40 silly currentTree │ ├── async@0.2.10
40 silly currentTree │ ├── source-map@0.5.6
40 silly currentTree │ └── uglify-js@2.6.4
40 silly currentTree ├─┬ uglify-js@2.7.4
40 silly currentTree │ ├── async@0.2.10
40 silly currentTree │ └── source-map@0.5.6
40 silly currentTree ├── uglify-to-browserify@1.0.2
40 silly currentTree ├── ultron@1.0.2
40 silly currentTree ├── umd-wrapper@0.1.0
40 silly currentTree ├── universal-path@0.1.0
40 silly currentTree ├── unpipe@1.0.0
40 silly currentTree ├── untildify@2.1.0
40 silly currentTree ├─┬ url@0.11.0
40 silly currentTree │ └── punycode@1.3.2
40 silly currentTree ├── util-deprecate@1.0.2
40 silly currentTree ├── util@0.10.3
40 silly currentTree ├── utils-merge@1.0.0
40 silly currentTree ├── validate-npm-package-license@3.0.1
40 silly currentTree ├── validator@5.7.0
40 silly currentTree ├── vary@1.1.0
40 silly currentTree ├── vinyl@0.5.3
40 silly currentTree ├── vm-browserify@0.0.4
40 silly currentTree ├── watch@0.11.0
40 silly currentTree ├── webpack-core@0.6.8
40 silly currentTree ├── which@1.2.11
40 silly currentTree ├── window-size@0.1.0
40 silly currentTree ├── wkx@0.2.0
40 silly currentTree ├── wordwrap@0.0.3
40 silly currentTree ├── wrappy@1.0.2
40 silly currentTree ├── ws@1.1.1
40 silly currentTree ├── xregexp@2.0.0
40 silly currentTree ├── xtend@4.0.1
40 silly currentTree ├── y18n@3.2.1
40 silly currentTree ├── yallist@2.0.0
40 silly currentTree └── yargs@3.10.0
41 silly idealTree your-app@0.0.1
41 silly idealTree ├── accepts@1.3.3
41 silly idealTree ├── acorn@3.3.0
41 silly idealTree ├─┬ agent-base@2.0.1
41 silly idealTree │ └── semver@5.0.3
41 silly idealTree ├── align-text@0.1.4
41 silly idealTree ├── alter@0.2.0
41 silly idealTree ├── amdefine@1.0.1
41 silly idealTree ├── ansi-regex@2.0.0
41 silly idealTree ├── ansi-styles@2.2.1
41 silly idealTree ├── ansicolors@0.3.2
41 silly idealTree ├── anymatch@1.3.0
41 silly idealTree ├── anysort@1.0.1
41 silly idealTree ├── ap@0.2.0
41 silly idealTree ├── arr-diff@2.0.0
41 silly idealTree ├── arr-flatten@1.0.1
41 silly idealTree ├── array-differ@1.0.0
41 silly idealTree ├── array-find-index@1.0.2
41 silly idealTree ├── array-flatten@1.1.1
41 silly idealTree ├── array-uniq@1.0.3
41 silly idealTree ├── array-unique@0.2.1
41 silly idealTree ├── arrify@1.0.1
41 silly idealTree ├── asn1.js@4.9.0
41 silly idealTree ├── assert@1.3.0
41 silly idealTree ├── ast-traverse@0.1.1
41 silly idealTree ├── ast-types@0.9.2
41 silly idealTree ├── async-each@1.0.1
41 silly idealTree ├── async@1.5.2
41 silly idealTree ├── auto-reload-brunch@2.7.1
41 silly idealTree ├─┬ babel-brunch@6.0.6
41 silly idealTree │ └── babel-preset-es2015@6.18.0
41 silly idealTree ├── babel-code-frame@6.16.0
41 silly idealTree ├─┬ babel-core@6.18.2
41 silly idealTree │ └── source-map@0.5.6
41 silly idealTree ├─┬ babel-generator@6.18.0
41 silly idealTree │ └── source-map@0.5.6
41 silly idealTree ├── babel-helper-builder-binary-assignment-operator-visitor@6.18.0
41 silly idealTree ├── babel-helper-call-delegate@6.18.0
41 silly idealTree ├── babel-helper-define-map@6.18.0
41 silly idealTree ├── babel-helper-explode-assignable-expression@6.18.0
41 silly idealTree ├── babel-helper-flip-expressions@0.0.1
41 silly idealTree ├── babel-helper-function-name@6.18.0
41 silly idealTree ├── babel-helper-get-function-arity@6.18.0
41 silly idealTree ├── babel-helper-hoist-variables@6.18.0
41 silly idealTree ├── babel-helper-is-nodes-equiv@0.0.1
41 silly idealTree ├── babel-helper-is-void-0@0.0.1
41 silly idealTree ├── babel-helper-optimise-call-expression@6.18.0
41 silly idealTree ├── babel-helper-regex@6.18.0
41 silly idealTree ├── babel-helper-remove-or-void@0.0.1
41 silly idealTree ├── babel-helper-replace-supers@6.18.0
41 silly idealTree ├── babel-helper-to-multiple-sequence-expressions@0.0.2
41 silly idealTree ├── babel-helpers@6.16.0
41 silly idealTree ├── babel-messages@6.8.0
41 silly idealTree ├── babel-plugin-check-es2015-constants@6.8.0
41 silly idealTree ├── babel-plugin-minify-constant-folding@0.0.1
41 silly idealTree ├── babel-plugin-minify-dead-code-elimination@0.1.0
41 silly idealTree ├── babel-plugin-minify-flip-comparisons@0.0.1
41 silly idealTree ├── babel-plugin-minify-guarded-expressions@0.0.3
41 silly idealTree ├── babel-plugin-minify-infinity@0.0.1
41 silly idealTree ├── babel-plugin-minify-mangle-names@0.0.4
41 silly idealTree ├── babel-plugin-minify-numeric-literals@0.0.1
41 silly idealTree ├── babel-plugin-minify-replace@0.0.1
41 silly idealTree ├── babel-plugin-minify-simplify@0.0.4
41 silly idealTree ├── babel-plugin-minify-type-constructors@0.0.2
41 silly idealTree ├── babel-plugin-syntax-exponentiation-operator@6.13.0
41 silly idealTree ├── babel-plugin-transform-es2015-arrow-functions@6.8.0
41 silly idealTree ├── babel-plugin-transform-es2015-block-scoped-functions@6.8.0
41 silly idealTree ├── babel-plugin-transform-es2015-block-scoping@6.18.0
41 silly idealTree ├── babel-plugin-transform-es2015-classes@6.18.0
41 silly idealTree ├── babel-plugin-transform-es2015-computed-properties@6.8.0
41 silly idealTree ├── babel-plugin-transform-es2015-destructuring@6.18.0
41 silly idealTree ├── babel-plugin-transform-es2015-duplicate-keys@6.8.0
41 silly idealTree ├── babel-plugin-transform-es2015-for-of@6.18.0
41 silly idealTree ├── babel-plugin-transform-es2015-function-name@6.9.0
41 silly idealTree ├── babel-plugin-transform-es2015-literals@6.8.0
41 silly idealTree ├── babel-plugin-transform-es2015-modules-amd@6.18.0
41 silly idealTree ├── babel-plugin-transform-es2015-modules-commonjs@6.18.0
41 silly idealTree ├── babel-plugin-transform-es2015-modules-systemjs@6.18.0
41 silly idealTree ├── babel-plugin-transform-es2015-modules-umd@6.18.0
41 silly idealTree ├── babel-plugin-transform-es2015-object-super@6.8.0
41 silly idealTree ├── babel-plugin-transform-es2015-parameters@6.18.0
41 silly idealTree ├── babel-plugin-transform-es2015-shorthand-properties@6.18.0
41 silly idealTree ├── babel-plugin-transform-es2015-spread@6.8.0
41 silly idealTree ├── babel-plugin-transform-es2015-sticky-regex@6.8.0
41 silly idealTree ├── babel-plugin-transform-es2015-template-literals@6.8.0
41 silly idealTree ├── babel-plugin-transform-es2015-typeof-symbol@6.18.0
41 silly idealTree ├── babel-plugin-transform-es2015-unicode-regex@6.11.0
41 silly idealTree ├── babel-plugin-transform-exponentiation-operator@6.8.0
41 silly idealTree ├── babel-plugin-transform-member-expression-literals@6.8.0
41 silly idealTree ├── babel-plugin-transform-merge-sibling-variables@6.8.0
41 silly idealTree ├── babel-plugin-transform-minify-booleans@6.8.0
41 silly idealTree ├── babel-plugin-transform-property-literals@6.8.0
41 silly idealTree ├── babel-plugin-transform-regenerator@6.16.1
41 silly idealTree ├── babel-plugin-transform-regexp-constructors@0.0.1
41 silly idealTree ├── babel-plugin-transform-simplify-comparison-operators@6.8.0
41 silly idealTree ├── babel-plugin-transform-strict-mode@6.18.0
41 silly idealTree ├── babel-plugin-transform-undefined-to-void@6.8.0
41 silly idealTree ├── babel-preset-babili@0.0.8
41 silly idealTree ├── babel-preset-es2015@6.3.13
41 silly idealTree ├── babel-preset-es2016@6.16.0
41 silly idealTree ├── babel-register@6.18.0
41 silly idealTree ├── babel-runtime@6.18.0
41 silly idealTree ├── babel-template@6.16.0
41 silly idealTree ├── babel-traverse@6.18.0
41 silly idealTree ├── babel-types@6.18.0
41 silly idealTree ├── babylon@6.13.1
41 silly idealTree ├── balanced-match@0.4.2
41 silly idealTree ├── base64-js@1.2.0
41 silly idealTree ├── beeper@1.1.0
41 silly idealTree ├── bignumber.js@2.4.0
41 silly idealTree ├── binary-extensions@1.7.0
41 silly idealTree ├── bluebird@3.4.6
41 silly idealTree ├── bn.js@4.11.6
41 silly idealTree ├── bower-config@1.4.0
41 silly idealTree ├── brace-expansion@1.1.6
41 silly idealTree ├── braces@1.8.5
41 silly idealTree ├── breakable@1.0.0
41 silly idealTree ├── brorand@1.0.6
41 silly idealTree ├── browser-resolve@1.11.2
41 silly idealTree ├── browserify-aes@1.0.6
41 silly idealTree ├── browserify-cipher@1.0.0
41 silly idealTree ├── browserify-des@1.0.0
41 silly idealTree ├── browserify-rsa@4.0.1
41 silly idealTree ├── browserify-sign@4.0.0
41 silly idealTree ├── brunch-skeletons@0.1.4
41 silly idealTree ├─┬ brunch@2.9.1
41 silly idealTree │ ├── commander@2.9.0
41 silly idealTree │ └── source-map@0.5.6
41 silly idealTree ├── buffer-shims@1.0.0
41 silly idealTree ├── buffer-writer@1.0.1
41 silly idealTree ├── buffer-xor@1.0.3
41 silly idealTree ├─┬ buffer@4.3.1
41 silly idealTree │ └── isarray@1.0.0
41 silly idealTree ├── builtin-modules@1.1.1
41 silly idealTree ├── builtin-status-codes@2.0.0
41 silly idealTree ├─┬ camelcase-keys@2.1.0
41 silly idealTree │ └── camelcase@2.1.1
41 silly idealTree ├── camelcase@1.2.1
41 silly idealTree ├── center-align@0.1.3
41 silly idealTree ├── chalk@1.1.3
41 silly idealTree ├─┬ check-dependencies@1.0.1
41 silly idealTree │ └── minimist@1.2.0
41 silly idealTree ├── chokidar@1.6.1
41 silly idealTree ├── cipher-base@1.0.3
41 silly idealTree ├── clap@1.1.1
41 silly idealTree ├── clean-css-brunch@2.0.0
41 silly idealTree ├── clean-css@3.4.20
41 silly idealTree ├─┬ cliui@2.1.0
41 silly idealTree │ └── wordwrap@0.0.2
41 silly idealTree ├── clone-stats@0.0.1
41 silly idealTree ├── clone@1.0.2
41 silly idealTree ├── co@3.0.6
41 silly idealTree ├── coffee-script@1.11.1
41 silly idealTree ├── combined-stream@1.0.5
41 silly idealTree ├── commander@2.8.1
41 silly idealTree ├─┬ commoner@0.10.4
41 silly idealTree │ └── glob@5.0.15
41 silly idealTree ├── commonjs-require-definition@0.5.0
41 silly idealTree ├── component-emitter@1.2.1
41 silly idealTree ├── concat-map@0.0.1
41 silly idealTree ├── connect-slashes@1.3.1
41 silly idealTree ├── content-disposition@0.5.1
41 silly idealTree ├── content-type@1.0.2
41 silly idealTree ├── convert-source-map@1.3.0
41 silly idealTree ├── cookie-parser@1.4.3
41 silly idealTree ├── cookie-signature@1.0.6
41 silly idealTree ├── cookie@0.3.1
41 silly idealTree ├── cookiejar@2.1.0
41 silly idealTree ├── core-js@2.4.1
41 silly idealTree ├── core-util-is@1.0.2
41 silly idealTree ├── create-ecdh@4.0.0
41 silly idealTree ├── create-hash@1.1.2
41 silly idealTree ├── create-hmac@1.1.4
41 silly idealTree ├── cross-env@3.1.3
41 silly idealTree ├── cross-spawn@3.0.1
41 silly idealTree ├── crypto-browserify@3.11.0
41 silly idealTree ├── css-brunch@2.6.1
41 silly idealTree ├─┬ css-modules-loader-core@1.0.1
41 silly idealTree │ ├── postcss@5.1.2
41 silly idealTree │ ├── source-map@0.5.6
41 silly idealTree │ └── supports-color@3.1.2
41 silly idealTree ├─┬ css-selector-tokenizer@0.6.0
41 silly idealTree │ └── regexpu-core@1.0.0
41 silly idealTree ├── cssesc@0.1.0
41 silly idealTree ├─┬ csso@2.3.0
41 silly idealTree │ └── source-map@0.5.6
41 silly idealTree ├── currently-unhandled@0.4.1
41 silly idealTree ├── data-uri-to-buffer@0.0.4
41 silly idealTree ├── dateformat@1.0.12
41 silly idealTree ├── debug@2.2.0
41 silly idealTree ├── decamelize@1.2.0
41 silly idealTree ├── deep-assign@2.0.0
41 silly idealTree ├── deep-is@0.1.3
41 silly idealTree ├── defined@1.0.0
41 silly idealTree ├─┬ defs@1.1.1
41 silly idealTree │ ├── esprima-fb@15001.1001.0-dev-harmony-fb
41 silly idealTree │ ├── window-size@0.1.4
41 silly idealTree │ └── yargs@3.27.0
41 silly idealTree ├── degenerator@1.0.3
41 silly idealTree ├── delayed-stream@1.0.0
41 silly idealTree ├── depd@1.1.0
41 silly idealTree ├── deppack@0.6.4
41 silly idealTree ├── des.js@1.0.0
41 silly idealTree ├── destroy@1.0.4
41 silly idealTree ├── detect-file@0.1.0
41 silly idealTree ├── detect-indent@4.0.0
41 silly idealTree ├── detective@4.3.2
41 silly idealTree ├── diffie-hellman@5.0.2
41 silly idealTree ├── domain-browser@1.1.7
41 silly idealTree ├── dottie@1.1.1
41 silly idealTree ├── duplexer2@0.0.2
41 silly idealTree ├── ee-first@1.1.1
41 silly idealTree ├── elliptic@6.3.2
41 silly idealTree ├── encodeurl@1.0.1
41 silly idealTree ├── error-ex@1.3.0
41 silly idealTree ├── escape-html@1.0.3
41 silly idealTree ├── escape-string-regexp@1.0.5
41 silly idealTree ├─┬ escodegen@1.8.1
41 silly idealTree │ └── source-map@0.2.0
41 silly idealTree ├── esprima@2.7.3
41 silly idealTree ├── estraverse@1.9.3
41 silly idealTree ├── esutils@2.0.2
41 silly idealTree ├── etag@1.7.0
41 silly idealTree ├── events@1.1.1
41 silly idealTree ├── evp_bytestokey@1.0.0
41 silly idealTree ├── expand-brackets@0.1.5
41 silly idealTree ├── expand-range@1.8.2
41 silly idealTree ├── expand-tilde@1.2.2
41 silly idealTree ├── express@4.14.0
41 silly idealTree ├── extend@3.0.0
41 silly idealTree ├── extglob@0.3.2
41 silly idealTree ├── fancy-log@1.2.0
41 silly idealTree ├── fast-levenshtein@1.1.4
41 silly idealTree ├── fastparse@1.1.1
41 silly idealTree ├── fcache@0.2.0
41 silly idealTree ├── file-uri-to-path@0.0.2
41 silly idealTree ├── filename-regex@2.0.0
41 silly idealTree ├── fill-range@2.2.3
41 silly idealTree ├── finalhandler@0.5.0
41 silly idealTree ├── find-up@1.1.2
41 silly idealTree ├── findup-sync@0.4.3
41 silly idealTree ├── for-in@0.1.6
41 silly idealTree ├── for-own@0.1.4
41 silly idealTree ├── form-data@1.0.0-rc4
41 silly idealTree ├── formidable@1.0.17
41 silly idealTree ├── forwarded@0.1.0
41 silly idealTree ├── fresh@0.3.0
41 silly idealTree ├── fs-exists-sync@0.1.0
41 silly idealTree ├── fs-extra@1.0.0
41 silly idealTree ├── fs.realpath@1.0.0
41 silly idealTree ├── ftp@0.3.10
41 silly idealTree ├── generic-pool@2.4.2
41 silly idealTree ├── get-stdin@4.0.1
41 silly idealTree ├─┬ get-uri@1.1.0
41 silly idealTree │ ├── isarray@1.0.0
41 silly idealTree │ └── readable-stream@2.1.5
41 silly idealTree ├── glob-base@0.3.0
41 silly idealTree ├── glob-parent@2.0.0
41 silly idealTree ├── glob@7.1.1
41 silly idealTree ├─┬ global-define@2.2.0
41 silly idealTree │ └── minimatch@2.0.10
41 silly idealTree ├── global-modules@0.2.3
41 silly idealTree ├── global-prefix@0.1.4
41 silly idealTree ├── globals@9.12.0
41 silly idealTree ├── glogg@1.0.0
41 silly idealTree ├── google-closure-compiler-js@20161024.0.0
41 silly idealTree ├── graceful-fs@4.1.10
41 silly idealTree ├── graceful-readlink@1.0.1
41 silly idealTree ├── growl@1.8.1
41 silly idealTree ├─┬ gulp-util@3.0.7
41 silly idealTree │ └── minimist@1.2.0
41 silly idealTree ├── gulplog@1.0.0
41 silly idealTree ├── handlebars-brunch@2.0.1
41 silly idealTree ├─┬ handlebars-precompiler@2.1.0
41 silly idealTree │ ├── async@0.2.10
41 silly idealTree │ ├─┬ handlebars@2.0.0
41 silly idealTree │ │ └── uglify-js@2.3.6
41 silly idealTree │ ├── optimist@0.3.7
41 silly idealTree │ └── source-map@0.1.43
41 silly idealTree ├── handlebars@4.0.5
41 silly idealTree ├── has-ansi@2.0.0
41 silly idealTree ├── has-flag@1.0.0
41 silly idealTree ├── has-gulplog@0.1.0
41 silly idealTree ├── hash.js@1.0.3
41 silly idealTree ├── home-or-tmp@2.0.0
41 silly idealTree ├── hosted-git-info@2.1.5
41 silly idealTree ├── http-errors@1.5.0
41 silly idealTree ├── http-proxy-agent@1.0.0
41 silly idealTree ├── https-browserify@0.0.1
41 silly idealTree ├── https-proxy-agent@1.0.0
41 silly idealTree ├── iconv-lite@0.4.13
41 silly idealTree ├── icss-replace-symbols@1.0.2
41 silly idealTree ├── ieee754@1.1.8
41 silly idealTree ├── indent-string@2.1.0
41 silly idealTree ├── indexof@0.0.1
41 silly idealTree ├── inflection@1.10.0
41 silly idealTree ├── inflight@1.0.6
41 silly idealTree ├── inherits@2.0.1
41 silly idealTree ├── ini@1.3.4
41 silly idealTree ├── init-skeleton@0.9.5
41 silly idealTree ├── invariant@2.2.1
41 silly idealTree ├── invert-kv@1.0.0
41 silly idealTree ├── ip@1.1.4
41 silly idealTree ├── ipaddr.js@1.1.1
41 silly idealTree ├── is-arrayish@0.2.1
41 silly idealTree ├── is-binary-path@1.0.1
41 silly idealTree ├── is-buffer@1.1.4
41 silly idealTree ├── is-builtin-module@1.0.0
41 silly idealTree ├── is-dotfile@1.0.2
41 silly idealTree ├── is-equal-shallow@0.1.3
41 silly idealTree ├── is-extendable@0.1.1
41 silly idealTree ├── is-extglob@1.0.0
41 silly idealTree ├── is-finite@1.0.2
41 silly idealTree ├── is-glob@2.0.1
41 silly idealTree ├── is-number@2.1.0
41 silly idealTree ├── is-obj@1.0.1
41 silly idealTree ├── is-posix-bracket@0.1.1
41 silly idealTree ├── is-primitive@2.0.0
41 silly idealTree ├── is-utf8@0.2.1
41 silly idealTree ├── is-windows@0.2.0
41 silly idealTree ├── isarray@0.0.1
41 silly idealTree ├── isexe@1.1.2
41 silly idealTree ├─┬ isobject@2.1.0
41 silly idealTree │ └── isarray@1.0.0
41 silly idealTree ├── javascript-brunch@2.0.0
41 silly idealTree ├── jquery-ui-dist@1.12.1
41 silly idealTree ├── jquery-ui@1.12.1
41 silly idealTree ├── jquery@3.1.1
41 silly idealTree ├── js-base64@2.1.9
41 silly idealTree ├── js-tokens@2.0.0
41 silly idealTree ├── jsesc@1.3.0
41 silly idealTree ├── json-bigint@0.2.1
41 silly idealTree ├── json5@0.5.0
41 silly idealTree ├── jsonfile@2.4.0
41 silly idealTree ├── kind-of@3.0.4
41 silly idealTree ├── klaw@1.3.1
41 silly idealTree ├── lazy-cache@1.0.4
41 silly idealTree ├── lcid@1.0.0
41 silly idealTree ├── levn@0.3.0
41 silly idealTree ├── load-json-file@1.1.0
41 silly idealTree ├── lodash._basecopy@3.0.1
41 silly idealTree ├── lodash._basetostring@3.0.1
41 silly idealTree ├── lodash._basevalues@3.0.0
41 silly idealTree ├── lodash._getnative@3.9.1
41 silly idealTree ├── lodash._isiterateecall@3.0.9
41 silly idealTree ├── lodash._reescape@3.0.0
41 silly idealTree ├── lodash._reevaluate@3.0.0
41 silly idealTree ├── lodash._reinterpolate@3.0.0
41 silly idealTree ├── lodash._root@3.0.1
41 silly idealTree ├── lodash.camelcase@4.3.0
41 silly idealTree ├── lodash.escape@3.2.0
41 silly idealTree ├── lodash.isarguments@3.1.0
41 silly idealTree ├── lodash.isarray@3.0.4
41 silly idealTree ├── lodash.keys@3.1.2
41 silly idealTree ├── lodash.restparam@3.6.1
41 silly idealTree ├── lodash.some@4.6.0
41 silly idealTree ├── lodash.template@3.6.2
41 silly idealTree ├── lodash.templatesettings@3.1.1
41 silly idealTree ├── lodash@4.16.6
41 silly idealTree ├── loggy@0.3.5
41 silly idealTree ├── longest@1.0.1
41 silly idealTree ├── loose-envify@1.3.0
41 silly idealTree ├── loud-rejection@1.6.0
41 silly idealTree ├── lru-cache@4.0.1
41 silly idealTree ├── map-obj@1.0.1
41 silly idealTree ├── media-typer@0.3.0
41 silly idealTree ├─┬ meow@3.7.0
41 silly idealTree │ ├── minimist@1.2.0
41 silly idealTree │ └── object-assign@4.1.0
41 silly idealTree ├── merge-descriptors@1.0.1
41 silly idealTree ├── methods@1.1.2
41 silly idealTree ├── micro-es7-shim@0.1.0
41 silly idealTree ├── micro-promisify@0.1.1
41 silly idealTree ├── micromatch@2.3.11
41 silly idealTree ├── miller-rabin@4.0.0
41 silly idealTree ├── mime-db@1.24.0
41 silly idealTree ├── mime-types@2.1.12
41 silly idealTree ├── mime@1.3.4
41 silly idealTree ├── minimalistic-assert@1.0.0
41 silly idealTree ├── minimatch@3.0.3
41 silly idealTree ├── minimist@0.0.10
41 silly idealTree ├─┬ mkdirp@0.5.1
41 silly idealTree │ └── minimist@0.0.8
41 silly idealTree ├── moment-timezone@0.5.7
41 silly idealTree ├── moment@2.15.2
41 silly idealTree ├── mout@1.0.0
41 silly idealTree ├── ms@0.7.1
41 silly idealTree ├── multipipe@0.1.2
41 silly idealTree ├── ncp@2.0.0
41 silly idealTree ├── negotiator@0.6.1
41 silly idealTree ├── netmask@1.0.6
41 silly idealTree ├─┬ node-browser-modules@0.1.0
41 silly idealTree │ ├── isarray@1.0.0
41 silly idealTree │ └── readable-stream@2.0.6
41 silly idealTree ├─┬ node-mailjet@3.0.6
41 silly idealTree │ └── qs@4.0.0
41 silly idealTree ├── node-minify@2.0.0
41 silly idealTree ├── node-serialize@0.0.4
41 silly idealTree ├── node-uuid@1.4.7
41 silly idealTree ├── node-version@1.0.0
41 silly idealTree ├── normalize-git-url@3.0.2
41 silly idealTree ├── normalize-package-data@2.3.5
41 silly idealTree ├── normalize-path@2.0.1
41 silly idealTree ├── number-is-nan@1.0.1
41 silly idealTree ├── object-assign@3.0.0
41 silly idealTree ├── object.omit@2.0.1
41 silly idealTree ├── on-finished@2.3.0
41 silly idealTree ├── once@1.4.0
41 silly idealTree ├── optimist@0.6.1
41 silly idealTree ├─┬ optionator@0.8.2
41 silly idealTree │ ├── fast-levenshtein@2.0.5
41 silly idealTree │ └── wordwrap@1.0.0
41 silly idealTree ├── options@0.0.6
41 silly idealTree ├── os-browserify@0.2.1
41 silly idealTree ├── os-homedir@1.0.2
41 silly idealTree ├── os-locale@1.4.0
41 silly idealTree ├── os-tmpdir@1.0.2
41 silly idealTree ├── osenv@0.1.3
41 silly idealTree ├── pac-proxy-agent@1.0.0
41 silly idealTree ├── pac-resolver@1.2.6
41 silly idealTree ├── packet-reader@0.2.0
41 silly idealTree ├── parse-asn1@5.0.0
41 silly idealTree ├── parse-glob@3.0.4
41 silly idealTree ├── parse-json@2.2.0
41 silly idealTree ├── parseurl@1.3.1
41 silly idealTree ├── path-browserify@0.0.0
41 silly idealTree ├── path-exists@2.1.0
41 silly idealTree ├── path-is-absolute@1.0.1
41 silly idealTree ├── path-to-regexp@0.1.7
41 silly idealTree ├── path-type@1.1.0
41 silly idealTree ├── pbkdf2@3.0.9
41 silly idealTree ├── pg-connection-string@0.1.3
41 silly idealTree ├─┬ pg-pool@1.5.0
41 silly idealTree │ └── object-assign@4.1.0
41 silly idealTree ├── pg-types@1.11.0
41 silly idealTree ├─┬ pg@6.1.0
41 silly idealTree │ └── semver@4.3.2
41 silly idealTree ├── pgpass@1.0.1
41 silly idealTree ├── pify@2.3.0
41 silly idealTree ├── pinkie-promise@2.0.1
41 silly idealTree ├── pinkie@2.0.4
41 silly idealTree ├── postcss-modules-extract-imports@1.0.0
41 silly idealTree ├── postcss-modules-local-by-default@1.1.1
41 silly idealTree ├── postcss-modules-scope@1.0.2
41 silly idealTree ├── postcss-modules-values@1.2.2
41 silly idealTree ├── postcss-modules@0.4.1
41 silly idealTree ├─┬ postcss@5.0.21
41 silly idealTree │ ├── source-map@0.5.6
41 silly idealTree │ └── supports-color@3.1.2
41 silly idealTree ├── postgres-array@1.0.0
41 silly idealTree ├── postgres-bytea@1.0.0
41 silly idealTree ├── postgres-date@1.0.3
41 silly idealTree ├── postgres-interval@1.0.2
41 silly idealTree ├── prelude-ls@1.1.2
41 silly idealTree ├── preserve@0.2.0
41 silly idealTree ├── private@0.1.6
41 silly idealTree ├── process-nextick-args@1.0.7
41 silly idealTree ├── process@0.11.9
41 silly idealTree ├── proxy-addr@1.1.2
41 silly idealTree ├─┬ proxy-agent@2.0.0
41 silly idealTree │ └── lru-cache@2.6.5
41 silly idealTree ├── pseudomap@1.0.2
41 silly idealTree ├── public-encrypt@4.0.0
41 silly idealTree ├── punycode@1.4.1
41 silly idealTree ├── pushserve@1.0.2
41 silly idealTree ├── q@1.4.1
41 silly idealTree ├── qs@6.2.0
41 silly idealTree ├── querystring-es3@0.2.1
41 silly idealTree ├── querystring@0.2.0
41 silly idealTree ├── quickly-copy-file@1.0.0
41 silly idealTree ├── randomatic@1.1.5
41 silly idealTree ├── randombytes@2.0.3
41 silly idealTree ├─┬ randomstring@1.1.5
41 silly idealTree │ └── array-uniq@1.0.2
41 silly idealTree ├── range-parser@1.2.0
41 silly idealTree ├── read-components@0.7.0
41 silly idealTree ├── read-pkg-up@1.0.1
41 silly idealTree ├── read-pkg@1.1.0
41 silly idealTree ├── readable-stream@1.1.14
41 silly idealTree ├─┬ readdirp@2.1.0
41 silly idealTree │ ├── isarray@1.0.0
41 silly idealTree │ └── readable-stream@2.1.5
41 silly idealTree ├─┬ recast@0.10.33
41 silly idealTree │ ├── ast-types@0.8.12
41 silly idealTree │ ├── esprima-fb@15001.1001.0-dev-harmony-fb
41 silly idealTree │ └── source-map@0.5.6
41 silly idealTree ├── redent@1.0.0
41 silly idealTree ├── regenerate@1.3.1
41 silly idealTree ├── regenerator-runtime@0.9.5
41 silly idealTree ├─┬ regenerator@0.8.46
41 silly idealTree │ └── esprima-fb@15001.1001.0-dev-harmony-fb
41 silly idealTree ├── regex-cache@0.4.3
41 silly idealTree ├── regexpu-core@2.0.0
41 silly idealTree ├── regjsgen@0.2.0
41 silly idealTree ├─┬ regjsparser@0.1.5
41 silly idealTree │ └── jsesc@0.5.0
41 silly idealTree ├── repeat-element@1.1.2
41 silly idealTree ├── repeat-string@1.6.1
41 silly idealTree ├── repeating@2.0.1
41 silly idealTree ├── replace-ext@0.0.1
41 silly idealTree ├── resolve-dir@0.1.1
41 silly idealTree ├── resolve@1.1.7
41 silly idealTree ├── retry-as-promised@2.2.0
41 silly idealTree ├── right-align@0.1.3
41 silly idealTree ├── ripemd160@1.0.1
41 silly idealTree ├── semver@5.3.0
41 silly idealTree ├── send@0.14.1
41 silly idealTree ├─┬ sequelize@3.24.8
41 silly idealTree │ └── lodash@4.12.0
41 silly idealTree ├── serve-brunch@0.1.2
41 silly idealTree ├── serve-static@1.11.1
41 silly idealTree ├── set-immediate-shim@1.0.1
41 silly idealTree ├── setprototypeof@1.0.1
41 silly idealTree ├── sha.js@2.4.5
41 silly idealTree ├── shimmer@1.1.0
41 silly idealTree ├── signal-exit@3.0.1
41 silly idealTree ├── simple-fmt@0.1.0
41 silly idealTree ├── simple-is@0.2.0
41 silly idealTree ├── since-app-start@0.3.2
41 silly idealTree ├── skemata@0.1.2
41 silly idealTree ├── slash@1.0.0
41 silly idealTree ├── smart-buffer@1.0.11
41 silly idealTree ├── socks-proxy-agent@2.0.0
41 silly idealTree ├── socks@1.1.9
41 silly idealTree ├── source-list-map@0.1.6
41 silly idealTree ├─┬ source-map-support@0.4.6
41 silly idealTree │ └── source-map@0.5.6
41 silly idealTree ├── source-map@0.4.4
41 silly idealTree ├── sparkles@1.0.0
41 silly idealTree ├── spdx-correct@1.0.2
41 silly idealTree ├── spdx-expression-parse@1.0.4
41 silly idealTree ├── spdx-license-ids@1.2.2
41 silly idealTree ├── split@1.0.0
41 silly idealTree ├── sqwish@0.2.2
41 silly idealTree ├── stable@0.1.5
41 silly idealTree ├── statuses@1.3.0
41 silly idealTree ├─┬ stream-browserify@2.0.1
41 silly idealTree │ ├── isarray@1.0.0
41 silly idealTree │ └── readable-stream@2.1.5
41 silly idealTree ├── stream-http@2.1.1
41 silly idealTree ├── stream-to-buffer@0.1.0
41 silly idealTree ├── stream-to@0.2.2
41 silly idealTree ├── string_decoder@0.10.31
41 silly idealTree ├── string-hash@1.1.0
41 silly idealTree ├── stringmap@0.2.2
41 silly idealTree ├── stringset@0.2.1
41 silly idealTree ├── strip-ansi@3.0.1
41 silly idealTree ├── strip-bom@2.0.0
41 silly idealTree ├── strip-indent@1.0.1
41 silly idealTree ├── superagent-proxy@1.0.1
41 silly idealTree ├─┬ superagent@2.3.0
41 silly idealTree │ ├── isarray@1.0.0
41 silly idealTree │ └── readable-stream@2.1.5
41 silly idealTree ├── supports-color@2.0.0
41 silly idealTree ├── terraformer-wkt-parser@1.1.2
41 silly idealTree ├── terraformer@1.0.7
41 silly idealTree ├── through@2.3.8
41 silly idealTree ├─┬ through2@2.0.1
41 silly idealTree │ ├── isarray@1.0.0
41 silly idealTree │ └── readable-stream@2.0.6
41 silly idealTree ├── thunkify@2.1.2
41 silly idealTree ├── time-stamp@1.0.1
41 silly idealTree ├── timers-browserify@1.4.2
41 silly idealTree ├── to-arraybuffer@1.0.1
41 silly idealTree ├── to-fast-properties@1.0.2
41 silly idealTree ├── toposort-class@1.0.1
41 silly idealTree ├── trim-newlines@1.0.0
41 silly idealTree ├─┬ true-case-path@1.0.2
41 silly idealTree │ └── glob@6.0.4
41 silly idealTree ├── tryor@0.1.2
41 silly idealTree ├── tty-browserify@0.0.0
41 silly idealTree ├── type-check@0.3.2
41 silly idealTree ├── type-is@1.6.13
41 silly idealTree ├─┬ uglify-js-brunch@2.0.1
41 silly idealTree │ ├── async@0.2.10
41 silly idealTree │ ├── source-map@0.5.6
41 silly idealTree │ └── uglify-js@2.6.4
41 silly idealTree ├─┬ uglify-js@2.7.4
41 silly idealTree │ ├── async@0.2.10
41 silly idealTree │ └── source-map@0.5.6
41 silly idealTree ├── uglify-to-browserify@1.0.2
41 silly idealTree ├── ultron@1.0.2
41 silly idealTree ├── umd-wrapper@0.1.0
41 silly idealTree ├── universal-path@0.1.0
41 silly idealTree ├── unpipe@1.0.0
41 silly idealTree ├── untildify@2.1.0
41 silly idealTree ├─┬ url@0.11.0
41 silly idealTree │ └── punycode@1.3.2
41 silly idealTree ├── util-deprecate@1.0.2
41 silly idealTree ├── util@0.10.3
41 silly idealTree ├── utils-merge@1.0.0
41 silly idealTree ├── validate-npm-package-license@3.0.1
41 silly idealTree ├── validator@5.7.0
41 silly idealTree ├── vary@1.1.0
41 silly idealTree ├── vinyl@0.5.3
41 silly idealTree ├── vm-browserify@0.0.4
41 silly idealTree ├── watch@0.11.0
41 silly idealTree ├── webpack-core@0.6.8
41 silly idealTree ├── which@1.2.11
41 silly idealTree ├── window-size@0.1.0
41 silly idealTree ├── wkx@0.2.0
41 silly idealTree ├── wordwrap@0.0.3
41 silly idealTree ├── wrappy@1.0.2
41 silly idealTree ├── ws@1.1.1
41 silly idealTree ├── xregexp@2.0.0
41 silly idealTree ├── xtend@4.0.1
41 silly idealTree ├── y18n@3.2.1
41 silly idealTree ├── yallist@2.0.0
41 silly idealTree └── yargs@3.10.0
42 silly generateActionsToTake Starting
43 silly install generateActionsToTake
44 silly generateActionsToTake Finishing
45 silly diffTrees action count 0
46 silly decomposeActions action count 0
47 silly executeActions Starting
48 silly install executeActions
49 silly doSerial global-install 0
50 silly doParallel fetch 0
51 verbose correctMkdir /home/patrick/.npm/_locks correctMkdir not in flight; initializing
52 verbose lock using /home/patrick/.npm/_locks/staging-2c72d280375f877f.lock for /home/patrick/dev/office-ware/node_modules/.staging
53 silly doParallel extract 0
54 silly doParallel preinstall 0
55 silly doReverseSerial remove 0
56 silly doSerial move 0
57 silly doSerial finalize 0
58 silly doSerial build 0
59 silly doSerial global-link 0
60 silly doParallel update-linked 0
61 silly doSerial install 0
62 silly doSerial postinstall 0
63 verbose unlock done using /home/patrick/.npm/_locks/staging-2c72d280375f877f.lock for /home/patrick/dev/office-ware/node_modules/.staging
64 silly executeActions Finishing
65 silly rollbackFailedOptional Starting
66 silly rollbackFailedOptional Finishing
67 silly runTopLevelLifecycles Starting
68 silly install runTopLevelLifecycles
69 silly preinstall your-app@0.0.1 /home/patrick/dev/office-ware/your-app-fdacc6e4
70 info lifecycle your-app@0.0.1~preinstall: your-app@0.0.1
71 silly lifecycle your-app@0.0.1~preinstall: no script for preinstall, continuing
72 silly build your-app@0.0.1
73 info linkStuff your-app@0.0.1
74 silly linkStuff your-app@0.0.1 has /home/patrick/dev as its parent node_modules
75 verbose linkBins your-app@0.0.1
76 verbose linkMans your-app@0.0.1
77 silly install your-app@0.0.1 /home/patrick/dev/office-ware/your-app-fdacc6e4
78 info lifecycle your-app@0.0.1~install: your-app@0.0.1
79 silly lifecycle your-app@0.0.1~install: no script for install, continuing
80 silly postinstall your-app@0.0.1 /home/patrick/dev/office-ware/your-app-fdacc6e4
81 info lifecycle your-app@0.0.1~postinstall: your-app@0.0.1
82 verbose lifecycle your-app@0.0.1~postinstall: unsafe-perm in lifecycle true
83 verbose lifecycle your-app@0.0.1~postinstall: PATH: /home/patrick/dev/office-ware/local-node/lib/node_modules/npm/bin/node-gyp-bin:/home/patrick/dev/office-ware/node_modules/.bin:/home/patrick/dev/office-ware/local-node/bin:/usr/local/heroku/bin:/home/patrick/perl5/perlbrew/bin:/usr/local/sbin:/usr/local/bin:/usr/sbin:/usr/bin:/sbin:/bin:/usr/games:/usr/local/games:/snap/bin:/home/patrick/dev/golang/bin
84 verbose lifecycle your-app@0.0.1~postinstall: CWD: /home/patrick/dev/office-ware
85 silly lifecycle your-app@0.0.1~postinstall: Args: [ '-c', 'scripts/post-install.js' ]
86 silly lifecycle your-app@0.0.1~postinstall: Returned: code: 1  signal: null
87 info lifecycle your-app@0.0.1~postinstall: Failed to exec postinstall script
88 warn optional Skipping failed optional dependency /chokidar/fsevents:
89 warn notsup Not compatible with your operating system or architecture: fsevents@1.0.15
90 warn your-app@0.0.1 No license field.
91 verbose stack Error: your-app@0.0.1 postinstall: `scripts/post-install.js`
91 verbose stack Exit status 1
91 verbose stack     at EventEmitter.<anonymous> (/home/patrick/dev/office-ware/local-node/lib/node_modules/npm/lib/utils/lifecycle.js:242:16)
91 verbose stack     at emitTwo (events.js:106:13)
91 verbose stack     at EventEmitter.emit (events.js:191:7)
91 verbose stack     at ChildProcess.<anonymous> (/home/patrick/dev/office-ware/local-node/lib/node_modules/npm/lib/utils/spawn.js:40:14)
91 verbose stack     at emitTwo (events.js:106:13)
91 verbose stack     at ChildProcess.emit (events.js:191:7)
91 verbose stack     at maybeClose (internal/child_process.js:877:16)
91 verbose stack     at Process.ChildProcess._handle.onexit (internal/child_process.js:226:5)
92 verbose pkgid your-app@0.0.1
93 verbose cwd /home/patrick/dev/office-ware
94 error Linux 4.4.0-45-generic
95 error argv "/home/patrick/dev/office-ware/local-node/bin/node" "/home/patrick/dev/office-ware/local-node/bin/npm" "install"
96 error node v6.5.0
97 error npm  v3.10.3
98 error code ELIFECYCLE
99 error your-app@0.0.1 postinstall: `scripts/post-install.js`
99 error Exit status 1
100 error Failed at the your-app@0.0.1 postinstall script 'scripts/post-install.js'.
100 error Make sure you have the latest version of node.js and npm installed.
100 error If you do, this is most likely a problem with the your-app package,
100 error not with npm itself.
100 error Tell the author that this fails on your system:
100 error     scripts/post-install.js
100 error You can get information on how to open an issue for this project with:
100 error     npm bugs your-app
100 error Or if that isn't available, you can get their info via:
100 error     npm owner ls your-app
100 error There is likely additional logging output above.
101 verbose exit [ 1, true ]
